# JRE version: OpenJDK Runtime Environment (11.0.8+10) (build 11.0.8+10-post-Ubuntu-0ubuntu118.04.1)
# Java VM: OpenJDK 64-Bit Server VM (11.0.8+10-post-Ubuntu-0ubuntu118.04.1, mixed mode, sharing, tiered, compressed oops, g1 gc, linux-amd64)
Heap:
 garbage-first heap   total 109568K, used 61465K [0x0000000084a00000, 0x0000000100000000)
  region size 1024K, 26 young (26624K), 4 survivors (4096K)
 Metaspace       used 77224K, capacity 79130K, committed 79308K, reserved 1118208K
  class space    used 9732K, capacity 10428K, committed 10444K, reserved 1048576K
GC Heap History (20 events):
Event: 124.878 GC heap before
{Heap before GC invocations=20 (full 0):
 garbage-first heap   total 250880K, used 114742K [0x0000000084a00000, 0x0000000100000000)
  region size 1024K, 95 young (97280K), 15 survivors (15360K)
 Metaspace       used 68633K, capacity 70308K, committed 70476K, reserved 1110016K
  class space    used 8882K, capacity 9516K, committed 9548K, reserved 1048576K
}
Event: 125.003 GC heap after
{Heap after GC invocations=21 (full 1):
 garbage-first heap   total 109568K, used 28766K [0x0000000084a00000, 0x0000000100000000)
  region size 1024K, 0 young (0K), 0 survivors (0K)
 Metaspace       used 68625K, capacity 70296K, committed 70476K, reserved 1110016K
  class space    used 8881K, capacity 9514K, committed 9548K, reserved 1048576K
}
Event: 126.479 GC heap before
{Heap before GC invocations=21 (full 1):
 garbage-first heap   total 109568K, used 84062K [0x0000000084a00000, 0x0000000100000000)
  region size 1024K, 54 young (55296K), 0 survivors (0K)
 Metaspace       used 69061K, capacity 70699K, committed 71116K, reserved 1110016K
  class space    used 8916K, capacity 9558K, committed 9676K, reserved 1048576K
}
Event: 126.504 GC heap after
{Heap after GC invocations=22 (full 1):
 garbage-first heap   total 109568K, used 33374K [0x0000000084a00000, 0x0000000100000000)
  region size 1024K, 5 young (5120K), 5 survivors (5120K)
 Metaspace       used 69061K, capacity 70699K, committed 71116K, reserved 1110016K
  class space    used 8916K, capacity 9558K, committed 9676K, reserved 1048576K
}
Event: 126.832 GC heap before
{Heap before GC invocations=22 (full 1):
 garbage-first heap   total 109568K, used 83550K [0x0000000084a00000, 0x0000000100000000)
  region size 1024K, 55 young (56320K), 5 survivors (5120K)
 Metaspace       used 69097K, capacity 70766K, committed 71116K, reserved 1110016K
  class space    used 8916K, capacity 9558K, committed 9676K, reserved 1048576K
}
Event: 126.840 GC heap after
{Heap after GC invocations=23 (full 1):
 garbage-first heap   total 109568K, used 33432K [0x0000000084a00000, 0x0000000100000000)
  region size 1024K, 5 young (5120K), 5 survivors (5120K)
 Metaspace       used 69097K, capacity 70766K, committed 71116K, reserved 1110016K
  class space    used 8916K, capacity 9558K, committed 9676K, reserved 1048576K
}
Event: 128.278 GC heap before
{Heap before GC invocations=23 (full 1):
 garbage-first heap   total 109568K, used 85656K [0x0000000084a00000, 0x0000000100000000)
  region size 1024K, 56 young (57344K), 5 survivors (5120K)
 Metaspace       used 69932K, capacity 71675K, committed 71884K, reserved 1112064K
  class space    used 8945K, capacity 9607K, committed 9676K, reserved 1048576K
}
Event: 128.304 GC heap after
{Heap after GC invocations=24 (full 1):
 garbage-first heap   total 109568K, used 35999K [0x0000000084a00000, 0x0000000100000000)
  region size 1024K, 4 young (4096K), 4 survivors (4096K)
 Metaspace       used 69932K, capacity 71675K, committed 71884K, reserved 1112064K
  class space    used 8945K, capacity 9607K, committed 9676K, reserved 1048576K
}
Event: 154.768 GC heap before
{Heap before GC invocations=24 (full 1):
 garbage-first heap   total 109568K, used 85151K [0x0000000084a00000, 0x0000000100000000)
  region size 1024K, 52 young (53248K), 4 survivors (4096K)
 Metaspace       used 71103K, capacity 72773K, committed 73036K, reserved 1112064K
  class space    used 9066K, capacity 9712K, committed 9804K, reserved 1048576K
}
Event: 154.784 GC heap after
{Heap after GC invocations=25 (full 1):
 garbage-first heap   total 109568K, used 36912K [0x0000000084a00000, 0x0000000100000000)
  region size 1024K, 5 young (5120K), 5 survivors (5120K)
 Metaspace       used 71103K, capacity 72773K, committed 73036K, reserved 1112064K
  class space    used 9066K, capacity 9712K, committed 9804K, reserved 1048576K
}
Event: 178.848 GC heap before
{Heap before GC invocations=25 (full 1):
 garbage-first heap   total 109568K, used 85040K [0x0000000084a00000, 0x0000000100000000)
  region size 1024K, 53 young (54272K), 5 survivors (5120K)
 Metaspace       used 75182K, capacity 76929K, committed 77132K, reserved 1116160K
  class space    used 9524K, capacity 10196K, committed 10316K, reserved 1048576K
}
Event: 178.868 GC heap after
{Heap after GC invocations=26 (full 1):
 garbage-first heap   total 109568K, used 38391K [0x0000000084a00000, 0x0000000100000000)
  region size 1024K, 4 young (4096K), 4 survivors (4096K)
 Metaspace       used 75182K, capacity 76929K, committed 77132K, reserved 1116160K
  class space    used 9524K, capacity 10196K, committed 10316K, reserved 1048576K
}
Event: 511.144 GC heap before
{Heap before GC invocations=26 (full 1):
 garbage-first heap   total 109568K, used 85495K [0x0000000084a00000, 0x0000000100000000)
  region size 1024K, 51 young (52224K), 4 survivors (4096K)
 Metaspace       used 76510K, capacity 78328K, committed 78540K, reserved 1118208K
  class space    used 9676K, capacity 10382K, committed 10444K, reserved 1048576K
}
Event: 511.159 GC heap after
{Heap after GC invocations=27 (full 1):
 garbage-first heap   total 109568K, used 39600K [0x0000000084a00000, 0x0000000100000000)
  region size 1024K, 4 young (4096K), 4 survivors (4096K)
 Metaspace       used 76510K, capacity 78328K, committed 78540K, reserved 1118208K
  class space    used 9676K, capacity 10382K, committed 10444K, reserved 1048576K
}
Event: 1073.246 GC heap before
{Heap before GC invocations=27 (full 1):
 garbage-first heap   total 109568K, used 85680K [0x0000000084a00000, 0x0000000100000000)
  region size 1024K, 50 young (51200K), 4 survivors (4096K)
 Metaspace       used 76567K, capacity 78541K, committed 78796K, reserved 1118208K
  class space    used 9679K, capacity 10387K, committed 10444K, reserved 1048576K
}
Event: 1073.265 GC heap after
{Heap after GC invocations=28 (full 1):
 garbage-first heap   total 109568K, used 39600K [0x0000000084a00000, 0x0000000100000000)
  region size 1024K, 4 young (4096K), 4 survivors (4096K)
 Metaspace       used 76567K, capacity 78541K, committed 78796K, reserved 1118208K
  class space    used 9679K, capacity 10387K, committed 10444K, reserved 1048576K
}
Event: 1694.880 GC heap before
{Heap before GC invocations=28 (full 1):
 garbage-first heap   total 109568K, used 87728K [0x0000000084a00000, 0x0000000100000000)
  region size 1024K, 51 young (52224K), 4 survivors (4096K)
 Metaspace       used 76600K, capacity 78556K, committed 78796K, reserved 1118208K
  class space    used 9684K, capacity 10391K, committed 10444K, reserved 1048576K
}
Event: 1694.887 GC heap after
{Heap after GC invocations=29 (full 1):
 garbage-first heap   total 109568K, used 39236K [0x0000000084a00000, 0x0000000100000000)
  region size 1024K, 3 young (3072K), 3 survivors (3072K)
 Metaspace       used 76600K, capacity 78556K, committed 78796K, reserved 1118208K
  class space    used 9684K, capacity 10391K, committed 10444K, reserved 1048576K
}
Event: 2023.987 GC heap before
{Heap before GC invocations=29 (full 1):
 garbage-first heap   total 109568K, used 88388K [0x0000000084a00000, 0x0000000100000000)
  region size 1024K, 51 young (52224K), 3 survivors (3072K)
 Metaspace       used 77001K, capacity 78862K, committed 79052K, reserved 1118208K
  class space    used 9731K, capacity 10426K, committed 10444K, reserved 1048576K
}
Event: 2023.995 GC heap after
{Heap after GC invocations=30 (full 1):
 garbage-first heap   total 109568K, used 39961K [0x0000000084a00000, 0x0000000100000000)
  region size 1024K, 4 young (4096K), 4 survivors (4096K)
 Metaspace       used 77001K, capacity 78862K, committed 79052K, reserved 1118208K
  class space    used 9731K, capacity 10426K, committed 10444K, reserved 1048576K
}

